<?xml version="1.0" encoding="UTF-8"?>
<testng-results skipped="0" failed="0" ignored="0" total="2" passed="2">
  <reporter-output>
  </reporter-output>
  <suite name="Suite" duration-ms="73318" started-at="2019-07-15T11:18:23Z" finished-at="2019-07-15T11:19:37Z">
    <groups>
    </groups>
    <test name="Test" duration-ms="73318" started-at="2019-07-15T11:18:23Z" finished-at="2019-07-15T11:19:37Z">
      <class name="com.phptravels.Testcases.Register_TC">
        <test-method status="PASS" signature="gotosignup()[pri:0, instance:com.phptravels.Testcases.Register_TC@7a5d012c]" name="gotosignup" duration-ms="53725" started-at="2019-07-15T16:48:23Z" finished-at="2019-07-15T16:49:17Z">
          <reporter-output>
          </reporter-output>
        </test-method> <!-- gotosignup -->
        <test-method status="PASS" signature="verifytitle()[pri:0, instance:com.phptravels.Testcases.Register_TC@7a5d012c]" name="verifytitle" duration-ms="19405" started-at="2019-07-15T16:49:17Z" finished-at="2019-07-15T16:49:36Z">
          <reporter-output>
          </reporter-output>
        </test-method> <!-- verifytitle -->
      </class> <!-- com.phptravels.Testcases.Register_TC -->
    </test> <!-- Test -->
  </suite> <!-- Suite -->
</testng-results>
