<?xml version="1.0" encoding="UTF-8"?>
<testsuite xmlns:xsi="http://www.w3.org/2001/XMLSchema-instance" xsi:noNamespaceSchemaLocation="https://maven.apache.org/surefire/maven-surefire-plugin/xsd/surefire-test-report-3.0.xsd" version="3.0" name="TestSuite" time="74.761" tests="2" errors="0" skipped="0" failures="0">
  <properties>
[...]
</properties>
  <testcase name="gotosignup" classname="com.phptravels.Testcases.Register_TC" time="53.96"/>
  <testcase name="verifytitle" classname="com.phptravels.Testcases.Register_TC" time="19.332"/>
</testsuite>